{"logTime": "0211/011350", "correlationVector":"JYJzD+ic083NsxTnXVccTt.1","action":"SyncServerConnectionManagerRequest", "result":"SYNC_SERVER_OK", "context":{"environment":"Prod_centralus_prod-s01-068-nam-centralus", "migrationStage":"NotStarted", "server":"akswtt00400002b"}}
{"logTime": "0211/011353", "correlationVector":"rNg45tcZj46jAkxe6h2lhb","action":"SyncServerConnectionManagerRequest", "result":"SYNC_SERVER_OK", "context":{"environment":"", "migrationStage":"", "server":""}}
{"logTime": "0211/011353", "correlationVector":"JYJzD+ic083NsxTnXVccTt","action":"Initial GetUpdates", "result":"", "context":Reason: NEW_CLIENT. cV=JYJzD+ic083NsxTnXVccTt}
{"logTime": "0211/011353", "correlationVector":"JYJzD+ic083NsxTnXVccTt.2","action":"GetUpdates Response", "result":"Success", "context":Received 1 update(s). cV=JYJzD+ic083NsxTnXVccTt.0;server=akswtt00400002b;cloudType=Consumer;environment=Prod_centralus_prod-s01-068-nam-centralus;migrationStage=NotStarted}
{"logTime": "0211/011353", "correlationVector":"VajWZ4ffw0uEuZEIK1lQKl","action":"Initial GetUpdates", "result":"", "context":Reason: NEWLY_SUPPORTED_DATATYPE. cV=VajWZ4ffw0uEuZEIK1lQKl}
{"logTime": "0211/011353", "correlationVector":"VajWZ4ffw0uEuZEIK1lQKl.1","action":"SyncServerConnectionManagerRequest", "result":"SYNC_SERVER_OK", "context":{"environment":"Prod_centralus_prod-s01-068-nam-centralus", "migrationStage":"NotStarted", "server":"akswtt00400002s"}}
{"logTime": "0211/011353", "correlationVector":"VajWZ4ffw0uEuZEIK1lQKl.2","action":"GetUpdates", "result":"DeleteReceived", "context":{"id":"027e536c-7ad3-455a-b372-9b19e2060a3b", "isDeleted:":"true", "version":"1724876361548"}}
{"logTime": "0211/011353", "correlationVector":"VajWZ4ffw0uEuZEIK1lQKl.3","action":"GetUpdates", "result":"DeleteReceived", "context":{"id":"9fae804e-6c9f-4b50-8f0a-d4c91d79cae1", "isDeleted:":"true", "version":"1725764969324"}}
{"logTime": "0211/011353", "correlationVector":"VajWZ4ffw0uEuZEIK1lQKl.4","action":"GetUpdates", "result":"DeleteReceived", "context":{"id":"4bcf33fd-b020-49c9-ac29-423fdb685dec", "isDeleted:":"true", "version":"1726972358431"}}
{"logTime": "0211/011353", "correlationVector":"VajWZ4ffw0uEuZEIK1lQKl.5","action":"GetUpdates", "result":"DeleteReceived", "context":{"id":"3019dc93-ba7d-481a-97f4-d92a4e9a55ef", "isDeleted:":"true", "version":"1726972394134"}}
{"logTime": "0211/011353", "correlationVector":"VajWZ4ffw0uEuZEIK1lQKl.6","action":"GetUpdates", "result":"DeleteReceived", "context":{"id":"f54de722-7da6-408a-b1d7-50b207552db5", "isDeleted:":"true", "version":"1726972398076"}}
{"logTime": "0211/011353", "correlationVector":"VajWZ4ffw0uEuZEIK1lQKl.7","action":"GetUpdates", "result":"DeleteReceived", "context":{"id":"0753cfd9-6259-4bc8-8fce-7a2a4a3abafa", "isDeleted:":"true", "version":"1727314903456"}}
{"logTime": "0211/011353", "correlationVector":"VajWZ4ffw0uEuZEIK1lQKl.8","action":"GetUpdates", "result":"DeleteReceived", "context":{"id":"6d57bd2c-4597-4503-bd0a-e1f7d1808d03", "isDeleted:":"true", "version":"1730402467899"}}
{"logTime": "0211/011353", "correlationVector":"VajWZ4ffw0uEuZEIK1lQKl.9","action":"GetUpdates", "result":"DeleteReceived", "context":{"id":"4b8f2f75-4633-4f37-a05f-2fd58cdf1e0a", "isDeleted:":"true", "version":"1731340422494"}}
{"logTime": "0211/011353", "correlationVector":"VajWZ4ffw0uEuZEIK1lQKl.10","action":"GetUpdates", "result":"DeleteReceived", "context":{"id":"a6917fb1-684f-451f-9c87-5443c09ce2f0", "isDeleted:":"true", "version":"1731340423222"}}
{"logTime": "0211/011353", "correlationVector":"VajWZ4ffw0uEuZEIK1lQKl.11","action":"GetUpdates", "result":"DeleteReceived", "context":{"id":"5a351538-753b-4d6e-8a96-2fa35d5c13fb", "isDeleted:":"true", "version":"1731340423875"}}
{"logTime": "0211/011353", "correlationVector":"VajWZ4ffw0uEuZEIK1lQKl.12","action":"GetUpdates", "result":"DeleteReceived", "context":{"id":"8867ecab-1b88-4a30-91c8-aa18a6ce98fe", "isDeleted:":"true", "version":"1731340424796"}}
{"logTime": "0211/011353", "correlationVector":"VajWZ4ffw0uEuZEIK1lQKl.13","action":"GetUpdates", "result":"DeleteReceived", "context":{"id":"301ebc89-0fa2-4108-a943-b16340d5221b", "isDeleted:":"true", "version":"1731340425428"}}
{"logTime": "0211/011353", "correlationVector":"VajWZ4ffw0uEuZEIK1lQKl.14","action":"GetUpdates", "result":"DeleteReceived", "context":{"id":"2d4ef695-2579-4c86-9cec-62fddd1a1c03", "isDeleted:":"true", "version":"1731340426058"}}
{"logTime": "0211/011353", "correlationVector":"VajWZ4ffw0uEuZEIK1lQKl.15","action":"GetUpdates", "result":"DeleteReceived", "context":{"id":"f1876fd0-3a40-4901-8efa-b9f93d7d8c8b", "isDeleted:":"true", "version":"1731340426688"}}
{"logTime": "0211/011353", "correlationVector":"VajWZ4ffw0uEuZEIK1lQKl.16","action":"GetUpdates", "result":"DeleteReceived", "context":{"id":"a9b63b0e-1e8d-430f-b69a-821b4e2947f9", "isDeleted:":"true", "version":"1731340427472"}}
{"logTime": "0211/011353", "correlationVector":"VajWZ4ffw0uEuZEIK1lQKl.17","action":"GetUpdates", "result":"DeleteReceived", "context":{"id":"9f98e80b-b25a-4ed7-98a0-1da391d27e06", "isDeleted:":"true", "version":"1731340428273"}}
{"logTime": "0211/011353", "correlationVector":"VajWZ4ffw0uEuZEIK1lQKl.18","action":"GetUpdates", "result":"DeleteReceived", "context":{"id":"b9315a79-9c17-43c5-969f-a50b7c878392", "isDeleted:":"true", "version":"1731340437664"}}
{"logTime": "0211/011353", "correlationVector":"VajWZ4ffw0uEuZEIK1lQKl.19","action":"GetUpdates", "result":"DeleteReceived", "context":{"id":"faa4c470-c768-44a2-bff0-e1826ee0eed2", "isDeleted:":"true", "version":"1731340437665"}}
{"logTime": "0211/011353", "correlationVector":"VajWZ4ffw0uEuZEIK1lQKl.20","action":"GetUpdates", "result":"DeleteReceived", "context":{"id":"46229086-38bd-4eb3-a64a-4aa1c6c8ffd6", "isDeleted:":"true", "version":"1731340438282"}}
{"logTime": "0211/011353", "correlationVector":"VajWZ4ffw0uEuZEIK1lQKl.21","action":"GetUpdates", "result":"DeleteReceived", "context":{"id":"687b78e8-edd5-4cbb-af5a-c70389b96a65", "isDeleted:":"true", "version":"1731340438900"}}
{"logTime": "0211/011353", "correlationVector":"VajWZ4ffw0uEuZEIK1lQKl.22","action":"GetUpdates", "result":"DeleteReceived", "context":{"id":"8fa7a329-840c-46db-bdd7-09c2aea6933c", "isDeleted:":"true", "version":"1731340439523"}}
{"logTime": "0211/011353", "correlationVector":"VajWZ4ffw0uEuZEIK1lQKl.23","action":"GetUpdates", "result":"DeleteReceived", "context":{"id":"46c726cf-a398-4f2f-bbfd-cca55c274580", "isDeleted:":"true", "version":"1731340440261"}}
{"logTime": "0211/011353", "correlationVector":"VajWZ4ffw0uEuZEIK1lQKl.24","action":"GetUpdates", "result":"DeleteReceived", "context":{"id":"0c05c8ff-f5bd-4439-9853-71669937090d", "isDeleted:":"true", "version":"1731340464753"}}
{"logTime": "0211/011353", "correlationVector":"VajWZ4ffw0uEuZEIK1lQKl.25","action":"GetUpdates", "result":"DeleteReceived", "context":{"id":"593d4d81-cd08-4ed9-8e5b-3fe563adbafd", "isDeleted:":"true", "version":"1738775427498"}}
{"logTime": "0211/011353", "correlationVector":"VajWZ4ffw0uEuZEIK1lQKl.26","action":"GetUpdates Response", "result":"Success", "context":Received 38 update(s). cV=VajWZ4ffw0uEuZEIK1lQKl.0;server=akswtt00400002s;cloudType=Consumer;environment=Prod_centralus_prod-s01-068-nam-centralus;migrationStage=NotStarted}
{"logTime": "0211/011353", "correlationVector":"3msG0+OqvxJ8eHwvoS3Qfc","action":"Initial GetUpdates", "result":"", "context":Reason: NEWLY_SUPPORTED_DATATYPE. cV=3msG0+OqvxJ8eHwvoS3Qfc}
{"logTime": "0211/011353", "correlationVector":"3msG0+OqvxJ8eHwvoS3Qfc.1","action":"SyncServerConnectionManagerRequest", "result":"SYNC_SERVER_OK", "context":{"environment":"Prod_centralus_prod-s01-068-nam-centralus", "migrationStage":"NotStarted", "server":"akswtt00400002b"}}
{"logTime": "0211/011353", "correlationVector":"3msG0+OqvxJ8eHwvoS3Qfc.2","action":"GetUpdates Response", "result":"Success", "context":Received 6 update(s). cV=3msG0+OqvxJ8eHwvoS3Qfc.0;server=akswtt00400002b;cloudType=Consumer;environment=Prod_centralus_prod-s01-068-nam-centralus;migrationStage=NotStarted}
{"logTime": "0211/011353", "correlationVector":"rmshPT6l1lwDDpmqAi1umF","action":"Initial GetUpdates", "result":"", "context":Reason: NEWLY_SUPPORTED_DATATYPE. cV=rmshPT6l1lwDDpmqAi1umF}
{"logTime": "0211/011354", "correlationVector":"rmshPT6l1lwDDpmqAi1umF.1","action":"SyncServerConnectionManagerRequest", "result":"SYNC_SERVER_OK", "context":{"environment":"Prod_centralus_prod-s01-068-nam-centralus", "migrationStage":"NotStarted", "server":"akswtt00400001d"}}
{"logTime": "0211/011354", "correlationVector":"rmshPT6l1lwDDpmqAi1umF.2","action":"GetUpdates Response", "result":"Success", "context":Received 250 update(s). cV=rmshPT6l1lwDDpmqAi1umF.0;server=akswtt00400001d;cloudType=Consumer;environment=Prod_centralus_prod-s01-068-nam-centralus;migrationStage=NotStarted Some updates remain.}
{"logTime": "0211/011354", "correlationVector":"ahwF8vH+euUy1OGu2EGCXi","action":"Initial GetUpdates", "result":"", "context":Reason: NEWLY_SUPPORTED_DATATYPE. cV=ahwF8vH+euUy1OGu2EGCXi}
{"logTime": "0211/011355", "correlationVector":"ahwF8vH+euUy1OGu2EGCXi.1","action":"SyncServerConnectionManagerRequest", "result":"SYNC_SERVER_OK", "context":{"environment":"Prod_centralus_prod-s01-068-nam-centralus", "migrationStage":"NotStarted", "server":"akswtt00400002b"}}
{"logTime": "0211/011355", "correlationVector":"ahwF8vH+euUy1OGu2EGCXi.2","action":"GetUpdates Response", "result":"Success", "context":Received 250 update(s). cV=ahwF8vH+euUy1OGu2EGCXi.0;server=akswtt00400002b;cloudType=Consumer;environment=Prod_centralus_prod-s01-068-nam-centralus;migrationStage=NotStarted Some updates remain.}
{"logTime": "0211/011355", "correlationVector":"5bp838kPzWf8V9vLd31pB6","action":"Initial GetUpdates", "result":"", "context":Reason: NEWLY_SUPPORTED_DATATYPE. cV=5bp838kPzWf8V9vLd31pB6}
{"logTime": "0211/011355", "correlationVector":"5bp838kPzWf8V9vLd31pB6.1","action":"SyncServerConnectionManagerRequest", "result":"SYNC_SERVER_OK", "context":{"environment":"Prod_centralus_prod-s01-068-nam-centralus", "migrationStage":"NotStarted", "server":"akswtt00400001d"}}
{"logTime": "0211/011355", "correlationVector":"5bp838kPzWf8V9vLd31pB6.2","action":"GetUpdates Response", "result":"Success", "context":Received 4 update(s). cV=5bp838kPzWf8V9vLd31pB6.0;server=akswtt00400001d;cloudType=Consumer;environment=Prod_centralus_prod-s01-068-nam-centralus;migrationStage=NotStarted}
{"logTime": "0211/011355", "correlationVector":"veKcBPUX1AD/F3KDK2hxVI","action":"Initial GetUpdates", "result":"", "context":Reason: NEWLY_SUPPORTED_DATATYPE. cV=veKcBPUX1AD/F3KDK2hxVI}
{"logTime": "0211/011355", "correlationVector":"veKcBPUX1AD/F3KDK2hxVI.1","action":"SyncServerConnectionManagerRequest", "result":"SYNC_SERVER_OK", "context":{"environment":"Prod_centralus_prod-s01-068-nam-centralus", "migrationStage":"NotStarted", "server":"akswtt00400000y"}}
{"logTime": "0211/011355", "correlationVector":"veKcBPUX1AD/F3KDK2hxVI.2","action":"GetUpdates Response", "result":"Success", "context":Received 0 update(s). cV=veKcBPUX1AD/F3KDK2hxVI.0;server=akswtt00400000y;cloudType=Consumer;environment=Prod_centralus_prod-s01-068-nam-centralus;migrationStage=NotStarted}
{"logTime": "0211/011355", "correlationVector":"rks7Xb+Iqbh6XIvx1kb2M9","action":"Normal GetUpdate request", "result":"", "context":cV=rks7Xb+Iqbh6XIvx1kb2M9
Nudged types: Bookmarks, Encryption Keys
Refresh requested types: Bookmarks, Passwords, Autofill Profiles, Autofill, History, Edge Wallet, Encryption Keys}
{"logTime": "0211/011355", "correlationVector":"rks7Xb+Iqbh6XIvx1kb2M9.1","action":"SyncServerConnectionManagerRequest", "result":"SYNC_SERVER_OK", "context":{"environment":"Prod_centralus_prod-s01-068-nam-centralus", "migrationStage":"NotStarted", "server":"akswtt00400002a"}}
{"logTime": "0211/011355", "correlationVector":"rks7Xb+Iqbh6XIvx1kb2M9.2","action":"GetUpdates Response", "result":"Success", "context":Received 0 update(s). cV=rks7Xb+Iqbh6XIvx1kb2M9.0;server=akswtt00400002a;cloudType=Consumer;environment=Prod_centralus_prod-s01-068-nam-centralus;migrationStage=NotStarted}
{"logTime": "0211/011355", "correlationVector":"2ZqHT8RcncAlrc6p7nnIts","action":"Commit Request", "result":"", "context":Item count: 1
Contributing types: Encryption Keys}
{"logTime": "0211/011355", "correlationVector":"2ZqHT8RcncAlrc6p7nnIts.1","action":"SyncServerConnectionManagerRequest", "result":"SYNC_SERVER_OK", "context":{"environment":"Prod_centralus_prod-s01-068-nam-centralus", "migrationStage":"NotStarted", "server":"akswtt00400001d"}}
{"logTime": "0211/011355", "correlationVector":"2ZqHT8RcncAlrc6p7nnIts.2","action":"Commit Response", "result":"Success", "context":Result: Success. cV=2ZqHT8RcncAlrc6p7nnIts.0;server=akswtt00400001d;cloudType=Consumer;environment=Prod_centralus_prod-s01-068-nam-centralus;migrationStage=NotStarted}
{"logTime": "0211/011355", "correlationVector":"Rfp7TgfID/e5zSOnzf1nj1","action":"Commit Request", "result":"", "context":Item count: 40
Contributing types: Bookmarks, Passwords, Autofill Profiles, Autofill}
{"logTime": "0211/011358", "correlationVector":"Rfp7TgfID/e5zSOnzf1nj1.1","action":"SyncServerConnectionManagerRequest", "result":"SYNC_SERVER_OK", "context":{"environment":"Prod_centralus_prod-s01-068-nam-centralus", "migrationStage":"NotStarted", "server":"akswtt004000009"}}
{"logTime": "0211/011358", "correlationVector":"Rfp7TgfID/e5zSOnzf1nj1.2","action":"Commit Response", "result":"Success", "context":Result: Success. cV=Rfp7TgfID/e5zSOnzf1nj1.0;server=akswtt004000009;cloudType=Consumer;environment=Prod_centralus_prod-s01-068-nam-centralus;migrationStage=NotStarted}
{"logTime": "0211/011358", "correlationVector":"2nVIMHiyyKres7QEF7K9BT","action":"Commit Request", "result":"", "context":Item count: 40
Contributing types: Autofill}
{"logTime": "0211/011400", "correlationVector":"2nVIMHiyyKres7QEF7K9BT.1","action":"SyncServerConnectionManagerRequest", "result":"SYNC_SERVER_OK", "context":{"environment":"Prod_centralus_prod-s01-068-nam-centralus", "migrationStage":"NotStarted", "server":"akswtt00400003l"}}
{"logTime": "0211/011400", "correlationVector":"2nVIMHiyyKres7QEF7K9BT.2","action":"Commit Response", "result":"Success", "context":Result: Success. cV=2nVIMHiyyKres7QEF7K9BT.0;server=akswtt00400003l;cloudType=Consumer;environment=Prod_centralus_prod-s01-068-nam-centralus;migrationStage=NotStarted}
{"logTime": "0211/011400", "correlationVector":"Tpg07KvPJnOeb0gC0hFVGW","action":"Commit Request", "result":"", "context":Item count: 40
Contributing types: Autofill}
{"logTime": "0211/011403", "correlationVector":"Tpg07KvPJnOeb0gC0hFVGW.1","action":"SyncServerConnectionManagerRequest", "result":"SYNC_SERVER_OK", "context":{"environment":"Prod_centralus_prod-s01-068-nam-centralus", "migrationStage":"NotStarted", "server":"akswtt00400002a"}}
{"logTime": "0211/011403", "correlationVector":"Tpg07KvPJnOeb0gC0hFVGW.2","action":"Commit Response", "result":"Success", "context":Result: Success. cV=Tpg07KvPJnOeb0gC0hFVGW.0;server=akswtt00400002a;cloudType=Consumer;environment=Prod_centralus_prod-s01-068-nam-centralus;migrationStage=NotStarted}
{"logTime": "0211/011403", "correlationVector":"bSEMxxQ6LBkEetOj4WeIih","action":"Commit Request", "result":"", "context":Item count: 40
Contributing types: Autofill}
{"logTime": "0211/011405", "correlationVector":"bSEMxxQ6LBkEetOj4WeIih.1","action":"SyncServerConnectionManagerRequest", "result":"SYNC_SERVER_OK", "context":{"environment":"Prod_centralus_prod-s01-068-nam-centralus", "migrationStage":"NotStarted", "server":"akswtt00400000q"}}
{"logTime": "0211/011405", "correlationVector":"bSEMxxQ6LBkEetOj4WeIih.2","action":"Commit Response", "result":"Success", "context":Result: Success. cV=bSEMxxQ6LBkEetOj4WeIih.0;server=akswtt00400000q;cloudType=Consumer;environment=Prod_centralus_prod-s01-068-nam-centralus;migrationStage=NotStarted}
{"logTime": "0211/011405", "correlationVector":"TFagoMopJyfWFPQ5TCykfA","action":"Commit Request", "result":"", "context":Item count: 40
Contributing types: Autofill}
{"logTime": "0211/011407", "correlationVector":"TFagoMopJyfWFPQ5TCykfA.1","action":"SyncServerConnectionManagerRequest", "result":"SYNC_SERVER_OK", "context":{"environment":"Prod_centralus_prod-s01-068-nam-centralus", "migrationStage":"NotStarted", "server":"akswtt00400002s"}}
{"logTime": "0211/011407", "correlationVector":"TFagoMopJyfWFPQ5TCykfA.2","action":"Commit Response", "result":"Success", "context":Result: Success. cV=TFagoMopJyfWFPQ5TCykfA.0;server=akswtt00400002s;cloudType=Consumer;environment=Prod_centralus_prod-s01-068-nam-centralus;migrationStage=NotStarted}
{"logTime": "0211/011407", "correlationVector":"euzFekSsMmL9aC8XGy3bk8","action":"Commit Request", "result":"", "context":Item count: 40
Contributing types: Autofill}
{"logTime": "0211/011409", "correlationVector":"euzFekSsMmL9aC8XGy3bk8.1","action":"SyncServerConnectionManagerRequest", "result":"SYNC_SERVER_OK", "context":{"environment":"Prod_centralus_prod-s01-068-nam-centralus", "migrationStage":"NotStarted", "server":"akswtt00400005l"}}
{"logTime": "0211/011409", "correlationVector":"euzFekSsMmL9aC8XGy3bk8.2","action":"Commit Response", "result":"Success", "context":Result: Success. cV=euzFekSsMmL9aC8XGy3bk8.0;server=akswtt00400005l;cloudType=Consumer;environment=Prod_centralus_prod-s01-068-nam-centralus;migrationStage=NotStarted}
{"logTime": "0211/011409", "correlationVector":"Fp77V6zpvVKMr8OIGf6ygo","action":"Commit Request", "result":"", "context":Item count: 40
Contributing types: Autofill}
{"logTime": "0211/011411", "correlationVector":"Fp77V6zpvVKMr8OIGf6ygo.1","action":"SyncServerConnectionManagerRequest", "result":"SYNC_SERVER_OK", "context":{"environment":"Prod_centralus_prod-s01-068-nam-centralus", "migrationStage":"NotStarted", "server":"akswtt00400002q"}}
{"logTime": "0211/011411", "correlationVector":"Fp77V6zpvVKMr8OIGf6ygo.2","action":"Commit Response", "result":"Success", "context":Result: Success. cV=Fp77V6zpvVKMr8OIGf6ygo.0;server=akswtt00400002q;cloudType=Consumer;environment=Prod_centralus_prod-s01-068-nam-centralus;migrationStage=NotStarted}
{"logTime": "0211/011411", "correlationVector":"Nnm5HSVBLvv5Fq1ffK4G0I","action":"Commit Request", "result":"", "context":Item count: 40
Contributing types: Autofill}
{"logTime": "0211/011412", "correlationVector":"Nnm5HSVBLvv5Fq1ffK4G0I","action":"SyncServerConnectionManagerRequest", "result":"CONNECTION_UNAVAILABLE", "context":{"error_type":"net_error_code", "error_value":"-3"}}
